# JRE version: Java(TM) SE Runtime Environment (8.0_74-b02) (build 1.8.0_74-b02)
# Java VM: Java HotSpot(TM) 64-Bit Server VM (25.74-b02 mixed mode windows-amd64 compressed oops)
Heap:
 PSYoungGen      total 195072K, used 55048K [0x00000000eab00000, 0x00000000f8300000, 0x0000000100000000)
  eden space 178688K, 21% used [0x00000000eab00000,0x00000000ed0c4db8,0x00000000f5980000)
  from space 16384K, 99% used [0x00000000f6d80000,0x00000000f7d7d538,0x00000000f7d80000)
  to   space 20480K, 0% used [0x00000000f5980000,0x00000000f5980000,0x00000000f6d80000)
 ParOldGen       total 96256K, used 28399K [0x00000000c0000000, 0x00000000c5e00000, 0x00000000eab00000)
  object space 96256K, 29% used [0x00000000c0000000,0x00000000c1bbbef8,0x00000000c5e00000)
 Metaspace       used 46691K, capacity 47908K, committed 48000K, reserved 1091584K
  class space    used 6440K, capacity 6734K, committed 6784K, reserved 1048576K
GC Heap History (10 events):
Event: 5.323 GC heap before
{Heap before GC invocations=8 (full 1):
 PSYoungGen      total 102400K, used 102150K [0x00000000eab00000, 0x00000000f1b80000, 0x0000000100000000)
  eden space 94720K, 100% used [0x00000000eab00000,0x00000000f0780000,0x00000000f0780000)
  from space 7680K, 96% used [0x00000000f1400000,0x00000000f1b418a8,0x00000000f1b80000)
  to   space 10240K, 0% used [0x00000000f0780000,0x00000000f0780000,0x00000000f1180000)
 ParOldGen       total 65536K, used 10723K [0x00000000c0000000, 0x00000000c4000000, 0x00000000eab00000)
  object space 65536K, 16% used [0x00000000c0000000,0x00000000c0a78fd0,0x00000000c4000000)
 Metaspace       used 33519K, capacity 34116K, committed 34432K, reserved 1079296K
  class space    used 4522K, capacity 4711K, committed 4736K, reserved 1048576K
Event: 5.342 GC heap after
Heap after GC invocations=8 (full 1):
 PSYoungGen      total 104960K, used 10239K [0x00000000eab00000, 0x00000000f4c00000, 0x0000000100000000)
  eden space 94720K, 0% used [0x00000000eab00000,0x00000000eab00000,0x00000000f0780000)
  from space 10240K, 99% used [0x00000000f0780000,0x00000000f117fe08,0x00000000f1180000)
  to   space 12800K, 0% used [0x00000000f3f80000,0x00000000f3f80000,0x00000000f4c00000)
 ParOldGen       total 65536K, used 13844K [0x00000000c0000000, 0x00000000c4000000, 0x00000000eab00000)
  object space 65536K, 21% used [0x00000000c0000000,0x00000000c0d852e0,0x00000000c4000000)
 Metaspace       used 33519K, capacity 34116K, committed 34432K, reserved 1079296K
  class space    used 4522K, capacity 4711K, committed 4736K, reserved 1048576K
}
Event: 5.483 GC heap before
{Heap before GC invocations=9 (full 1):
 PSYoungGen      total 104960K, used 22765K [0x00000000eab00000, 0x00000000f4c00000, 0x0000000100000000)
  eden space 94720K, 13% used [0x00000000eab00000,0x00000000eb73b8b0,0x00000000f0780000)
  from space 10240K, 99% used [0x00000000f0780000,0x00000000f117fe08,0x00000000f1180000)
  to   space 12800K, 0% used [0x00000000f3f80000,0x00000000f3f80000,0x00000000f4c00000)
 ParOldGen       total 65536K, used 13844K [0x00000000c0000000, 0x00000000c4000000, 0x00000000eab00000)
  object space 65536K, 21% used [0x00000000c0000000,0x00000000c0d852e0,0x00000000c4000000)
 Metaspace       used 34628K, capacity 35236K, committed 35456K, reserved 1079296K
  class space    used 4690K, capacity 4871K, committed 4992K, reserved 1048576K
Event: 5.498 GC heap after
Heap after GC invocations=9 (full 1):
 PSYoungGen      total 151040K, used 11447K [0x00000000eab00000, 0x00000000f6100000, 0x0000000100000000)
  eden space 138240K, 0% used [0x00000000eab00000,0x00000000eab00000,0x00000000f3200000)
  from space 12800K, 89% used [0x00000000f3f80000,0x00000000f4aadd00,0x00000000f4c00000)
  to   space 13824K, 0% used [0x00000000f3200000,0x00000000f3200000,0x00000000f3f80000)
 ParOldGen       total 65536K, used 13852K [0x00000000c0000000, 0x00000000c4000000, 0x00000000eab00000)
  object space 65536K, 21% used [0x00000000c0000000,0x00000000c0d872e0,0x00000000c4000000)
 Metaspace       used 34628K, capacity 35236K, committed 35456K, reserved 1079296K
  class space    used 4690K, capacity 4871K, committed 4992K, reserved 1048576K
}
Event: 5.498 GC heap before
{Heap before GC invocations=10 (full 2):
 PSYoungGen      total 151040K, used 11447K [0x00000000eab00000, 0x00000000f6100000, 0x0000000100000000)
  eden space 138240K, 0% used [0x00000000eab00000,0x00000000eab00000,0x00000000f3200000)
  from space 12800K, 89% used [0x00000000f3f80000,0x00000000f4aadd00,0x00000000f4c00000)
  to   space 13824K, 0% used [0x00000000f3200000,0x00000000f3200000,0x00000000f3f80000)
 ParOldGen       total 65536K, used 13852K [0x00000000c0000000, 0x00000000c4000000, 0x00000000eab00000)
  object space 65536K, 21% used [0x00000000c0000000,0x00000000c0d872e0,0x00000000c4000000)
 Metaspace       used 34628K, capacity 35236K, committed 35456K, reserved 1079296K
  class space    used 4690K, capacity 4871K, committed 4992K, reserved 1048576K
Event: 5.594 GC heap after
Heap after GC invocations=10 (full 2):
 PSYoungGen      total 151040K, used 0K [0x00000000eab00000, 0x00000000f6100000, 0x0000000100000000)
  eden space 138240K, 0% used [0x00000000eab00000,0x00000000eab00000,0x00000000f3200000)
  from space 12800K, 0% used [0x00000000f3f80000,0x00000000f3f80000,0x00000000f4c00000)
  to   space 13824K, 0% used [0x00000000f3200000,0x00000000f3200000,0x00000000f3f80000)
 ParOldGen       total 96256K, used 19833K [0x00000000c0000000, 0x00000000c5e00000, 0x00000000eab00000)
  object space 96256K, 20% used [0x00000000c0000000,0x00000000c135e568,0x00000000c5e00000)
 Metaspace       used 34628K, capacity 35236K, committed 35456K, reserved 1079296K
  class space    used 4690K, capacity 4871K, committed 4992K, reserved 1048576K
}
Event: 9.320 GC heap before
{Heap before GC invocations=11 (full 2):
 PSYoungGen      total 151040K, used 138240K [0x00000000eab00000, 0x00000000f6100000, 0x0000000100000000)
  eden space 138240K, 100% used [0x00000000eab00000,0x00000000f3200000,0x00000000f3200000)
  from space 12800K, 0% used [0x00000000f3f80000,0x00000000f3f80000,0x00000000f4c00000)
  to   space 13824K, 0% used [0x00000000f3200000,0x00000000f3200000,0x00000000f3f80000)
 ParOldGen       total 96256K, used 19833K [0x00000000c0000000, 0x00000000c5e00000, 0x00000000eab00000)
  object space 96256K, 20% used [0x00000000c0000000,0x00000000c135e568,0x00000000c5e00000)
 Metaspace       used 43633K, capacity 44744K, committed 45056K, reserved 1087488K
  class space    used 6082K, capacity 6300K, committed 6400K, reserved 1048576K
Event: 9.336 GC heap after
Heap after GC invocations=11 (full 2):
 PSYoungGen      total 152064K, used 13815K [0x00000000eab00000, 0x00000000f7d80000, 0x0000000100000000)
  eden space 138240K, 0% used [0x00000000eab00000,0x00000000eab00000,0x00000000f3200000)
  from space 13824K, 99% used [0x00000000f3200000,0x00000000f3f7de10,0x00000000f3f80000)
  to   space 16384K, 0% used [0x00000000f6d80000,0x00000000f6d80000,0x00000000f7d80000)
 ParOldGen       total 96256K, used 22344K [0x00000000c0000000, 0x00000000c5e00000, 0x00000000eab00000)
  object space 96256K, 23% used [0x00000000c0000000,0x00000000c15d23e0,0x00000000c5e00000)
 Metaspace       used 43633K, capacity 44744K, committed 45056K, reserved 1087488K
  class space    used 6082K, capacity 6300K, committed 6400K, reserved 1048576K
}
Event: 11.430 GC heap before
{Heap before GC invocations=12 (full 2):
 PSYoungGen      total 152064K, used 152055K [0x00000000eab00000, 0x00000000f7d80000, 0x0000000100000000)
  eden space 138240K, 100% used [0x00000000eab00000,0x00000000f3200000,0x00000000f3200000)
  from space 13824K, 99% used [0x00000000f3200000,0x00000000f3f7de10,0x00000000f3f80000)
  to   space 16384K, 0% used [0x00000000f6d80000,0x00000000f6d80000,0x00000000f7d80000)
 ParOldGen       total 96256K, used 22344K [0x00000000c0000000, 0x00000000c5e00000, 0x00000000eab00000)
  object space 96256K, 23% used [0x00000000c0000000,0x00000000c15d23e0,0x00000000c5e00000)
 Metaspace       used 46630K, capacity 47844K, committed 48000K, reserved 1091584K
  class space    used 6439K, capacity 6734K, committed 6784K, reserved 1048576K
Event: 11.461 GC heap after
Heap after GC invocations=12 (full 2):
 PSYoungGen      total 195072K, used 16373K [0x00000000eab00000, 0x00000000f8300000, 0x0000000100000000)
  eden space 178688K, 0% used [0x00000000eab00000,0x00000000eab00000,0x00000000f5980000)
  from space 16384K, 99% used [0x00000000f6d80000,0x00000000f7d7d538,0x00000000f7d80000)
  to   space 20480K, 0% used [0x00000000f5980000,0x00000000f5980000,0x00000000f6d80000)
 ParOldGen       total 96256K, used 28399K [0x00000000c0000000, 0x00000000c5e00000, 0x00000000eab00000)
  object space 96256K, 29% used [0x00000000c0000000,0x00000000c1bbbef8,0x00000000c5e00000)
 Metaspace       used 46630K, capacity 47844K, committed 48000K, reserved 1091584K
  class space    used 6439K, capacity 6734K, committed 6784K, reserved 1048576K
}

